2022-03-09 05:51:17,573 INFO supervisord started with pid 1
2022-03-09 05:51:18,576 INFO spawned: 'laravel-worker_00' with pid 7
2022-03-09 05:51:18,580 INFO spawned: 'npm-dev' with pid 8
2022-03-09 05:51:18,583 INFO spawned: 'websockets' with pid 9
2022-03-09 05:51:18,799 INFO exited: websockets (exit status 1; not expected)
2022-03-09 05:51:18,818 INFO exited: npm-dev (exit status 127; not expected)
2022-03-09 05:51:19,819 INFO success: laravel-worker_00 entered RUNNING state, process has stayed up for > than 1 seconds (startsecs)
2022-03-09 05:51:19,820 INFO spawned: 'npm-dev' with pid 33
2022-03-09 05:51:19,822 INFO spawned: 'websockets' with pid 34
2022-03-09 05:51:20,127 INFO exited: websockets (exit status 1; not expected)
2022-03-09 05:51:20,143 INFO exited: npm-dev (exit status 127; not expected)
2022-03-09 05:51:22,147 INFO spawned: 'npm-dev' with pid 52
2022-03-09 05:51:22,149 INFO spawned: 'websockets' with pid 53
2022-03-09 05:51:22,469 INFO exited: websockets (exit status 1; not expected)
2022-03-09 05:51:22,491 INFO exited: npm-dev (exit status 127; not expected)
2022-03-09 05:51:25,495 INFO spawned: 'npm-dev' with pid 71
2022-03-09 05:51:25,497 INFO spawned: 'websockets' with pid 72
2022-03-09 05:51:25,732 INFO exited: websockets (exit status 1; not expected)
2022-03-09 05:51:25,735 INFO gave up: websockets entered FATAL state, too many start retries too quickly
2022-03-09 05:51:25,749 INFO exited: npm-dev (exit status 127; not expected)
2022-03-09 05:51:26,751 INFO gave up: npm-dev entered FATAL state, too many start retries too quickly
2022-03-09 05:54:58,199 WARN received SIGQUIT indicating exit request
2022-03-09 05:54:58,200 INFO waiting for laravel-worker_00 to die
2022-03-09 05:55:00,156 INFO stopped: laravel-worker_00 (terminated by SIGTERM)
2022-03-09 05:57:26,709 INFO supervisord started with pid 1
2022-03-09 05:57:27,712 INFO spawned: 'laravel-worker_00' with pid 8
2022-03-09 05:57:27,714 INFO spawned: 'npm-dev' with pid 9
2022-03-09 05:57:27,715 INFO spawned: 'php-fpm' with pid 10
2022-03-09 05:57:28,037 INFO exited: npm-dev (exit status 127; not expected)
2022-03-09 05:57:29,039 INFO success: laravel-worker_00 entered RUNNING state, process has stayed up for > than 1 seconds (startsecs)
2022-03-09 05:57:29,040 INFO spawned: 'npm-dev' with pid 30
2022-03-09 05:57:29,041 INFO success: php-fpm entered RUNNING state, process has stayed up for > than 1 seconds (startsecs)
2022-03-09 05:57:29,331 INFO exited: npm-dev (exit status 127; not expected)
2022-03-09 05:57:31,335 INFO spawned: 'npm-dev' with pid 42
2022-03-09 05:57:31,811 INFO exited: npm-dev (exit status 127; not expected)
2022-03-09 05:57:34,815 INFO spawned: 'npm-dev' with pid 54
2022-03-09 05:57:35,190 INFO exited: npm-dev (exit status 127; not expected)
2022-03-09 05:57:36,191 INFO gave up: npm-dev entered FATAL state, too many start retries too quickly
2022-03-09 06:03:00,180 WARN received SIGQUIT indicating exit request
2022-03-09 06:03:00,181 INFO waiting for laravel-worker_00, php-fpm to die
2022-03-09 06:03:00,184 INFO stopped: php-fpm (exit status 0)
2022-03-09 06:03:01,187 INFO stopped: laravel-worker_00 (terminated by SIGTERM)
2022-03-09 06:03:22,004 INFO supervisord started with pid 1
2022-03-09 06:03:23,008 INFO spawned: 'laravel-worker_00' with pid 7
2022-03-09 06:03:23,012 INFO spawned: 'npm-dev' with pid 8
2022-03-09 06:03:23,014 INFO spawned: 'php-fpm' with pid 9
2022-03-09 06:03:24,217 INFO success: laravel-worker_00 entered RUNNING state, process has stayed up for > than 1 seconds (startsecs)
2022-03-09 06:03:24,218 INFO success: npm-dev entered RUNNING state, process has stayed up for > than 1 seconds (startsecs)
2022-03-09 06:03:24,218 INFO success: php-fpm entered RUNNING state, process has stayed up for > than 1 seconds (startsecs)
