2022-03-09 08:04:11,030 INFO supervisord started with pid 1
2022-03-09 08:04:12,033 INFO spawned: 'laravel-worker_00' with pid 8
2022-03-09 08:04:12,036 INFO spawned: 'npm-dev' with pid 9
2022-03-09 08:04:12,038 INFO spawned: 'php-fpm' with pid 10
2022-03-09 08:04:13,257 INFO success: laravel-worker_00 entered RUNNING state, process has stayed up for > than 1 seconds (startsecs)
2022-03-09 08:04:13,257 INFO success: npm-dev entered RUNNING state, process has stayed up for > than 1 seconds (startsecs)
2022-03-09 08:04:13,257 INFO success: php-fpm entered RUNNING state, process has stayed up for > than 1 seconds (startsecs)
2022-03-09 08:08:13,134 WARN received SIGQUIT indicating exit request
2022-03-09 08:08:13,135 INFO waiting for laravel-worker_00, npm-dev, php-fpm to die
2022-03-09 08:08:13,138 INFO stopped: php-fpm (exit status 0)
2022-03-09 08:08:14,140 INFO stopped: npm-dev (terminated by SIGTERM)
2022-03-09 08:08:14,143 INFO stopped: laravel-worker_00 (terminated by SIGTERM)
2022-03-09 08:08:21,173 INFO supervisord started with pid 1
2022-03-09 08:08:22,176 INFO spawned: 'laravel-worker_00' with pid 8
2022-03-09 08:08:22,178 INFO spawned: 'npm-dev' with pid 9
2022-03-09 08:08:22,180 INFO spawned: 'php-fpm' with pid 10
2022-03-09 08:08:23,387 INFO success: laravel-worker_00 entered RUNNING state, process has stayed up for > than 1 seconds (startsecs)
2022-03-09 08:08:23,387 INFO success: npm-dev entered RUNNING state, process has stayed up for > than 1 seconds (startsecs)
2022-03-09 08:08:23,387 INFO success: php-fpm entered RUNNING state, process has stayed up for > than 1 seconds (startsecs)
2022-03-09 10:56:13,134 INFO reaped unknown pid 1503 (exit status 0)
2022-03-09 12:21:03,147 WARN received SIGQUIT indicating exit request
2022-03-09 12:21:03,150 INFO waiting for laravel-worker_00, npm-dev, php-fpm to die
2022-03-09 12:21:03,179 INFO stopped: php-fpm (exit status 0)
2022-03-09 12:21:04,194 INFO stopped: npm-dev (terminated by SIGTERM)
2022-03-09 12:21:04,197 INFO stopped: laravel-worker_00 (terminated by SIGTERM)
2022-03-09 12:21:21,304 INFO supervisord started with pid 1
2022-03-09 12:21:22,305 INFO spawned: 'laravel-worker_00' with pid 7
2022-03-09 12:21:22,308 INFO spawned: 'npm-dev' with pid 8
2022-03-09 12:21:22,309 INFO spawned: 'php-fpm' with pid 9
2022-03-09 12:21:23,691 INFO success: laravel-worker_00 entered RUNNING state, process has stayed up for > than 1 seconds (startsecs)
2022-03-09 12:21:23,691 INFO success: npm-dev entered RUNNING state, process has stayed up for > than 1 seconds (startsecs)
2022-03-09 12:21:23,691 INFO success: php-fpm entered RUNNING state, process has stayed up for > than 1 seconds (startsecs)
2022-03-09 22:27:35,920 INFO supervisord started with pid 1
2022-03-09 22:27:36,923 INFO spawned: 'laravel-worker_00' with pid 8
2022-03-09 22:27:36,953 INFO spawned: 'npm-dev' with pid 9
2022-03-09 22:27:36,954 INFO spawned: 'php-fpm' with pid 10
2022-03-09 22:27:38,264 INFO success: laravel-worker_00 entered RUNNING state, process has stayed up for > than 1 seconds (startsecs)
2022-03-09 22:27:38,265 INFO success: npm-dev entered RUNNING state, process has stayed up for > than 1 seconds (startsecs)
2022-03-09 22:27:38,265 INFO success: php-fpm entered RUNNING state, process has stayed up for > than 1 seconds (startsecs)
2022-03-10 07:23:03,174 WARN received SIGQUIT indicating exit request
2022-03-10 07:23:03,183 INFO waiting for laravel-worker_00, npm-dev, php-fpm to die
2022-03-10 07:23:03,213 INFO stopped: php-fpm (exit status 0)
2022-03-10 07:23:04,228 INFO stopped: npm-dev (terminated by SIGTERM)
2022-03-10 07:23:04,232 INFO stopped: laravel-worker_00 (terminated by SIGTERM)
2022-03-10 07:24:04,932 INFO supervisord started with pid 1
2022-03-10 07:24:05,935 INFO spawned: 'laravel-worker_00' with pid 8
2022-03-10 07:24:05,937 INFO spawned: 'npm-dev' with pid 9
2022-03-10 07:24:05,939 INFO spawned: 'php-fpm' with pid 10
2022-03-10 07:24:07,412 INFO success: laravel-worker_00 entered RUNNING state, process has stayed up for > than 1 seconds (startsecs)
2022-03-10 07:24:07,412 INFO success: npm-dev entered RUNNING state, process has stayed up for > than 1 seconds (startsecs)
2022-03-10 07:24:07,412 INFO success: php-fpm entered RUNNING state, process has stayed up for > than 1 seconds (startsecs)
2022-03-11 00:57:46,241 INFO supervisord started with pid 1
2022-03-11 00:57:47,247 INFO spawned: 'laravel-worker_00' with pid 7
2022-03-11 00:57:47,257 INFO spawned: 'npm-dev' with pid 8
2022-03-11 00:57:47,258 INFO spawned: 'php-fpm' with pid 9
2022-03-11 00:57:48,918 INFO success: laravel-worker_00 entered RUNNING state, process has stayed up for > than 1 seconds (startsecs)
2022-03-11 00:57:48,919 INFO success: npm-dev entered RUNNING state, process has stayed up for > than 1 seconds (startsecs)
2022-03-11 00:57:48,919 INFO success: php-fpm entered RUNNING state, process has stayed up for > than 1 seconds (startsecs)
